SF:lib\Engine\auth_manager.dart
DA:8,1
DA:11,1
DA:13,2
DA:14,2
DA:15,2
DA:17,0
DA:21,1
DA:23,2
DA:26,1
DA:34,1
DA:35,1
DA:36,1
DA:37,2
DA:40,4
DA:41,1
DA:43,1
DA:44,1
DA:47,1
DA:50,1
DA:51,1
DA:52,1
DA:53,1
DA:54,2
DA:57,4
DA:58,1
DA:60,1
DA:61,1
DA:64,3
DA:68,1
DA:70,2
DA:71,1
DA:73,1
DA:82,1
DA:84,2
DA:87,1
DA:97,1
DA:99,2
DA:100,2
DA:106,1
DA:108,2
DA:109,0
DA:119,1
DA:122,1
DA:123,2
DA:127,1
DA:128,1
DA:129,2
DA:132,1
DA:135,1
DA:136,1
DA:137,2
DA:140,2
DA:151,1
DA:153,2
DA:154,2
DA:156,0
LF:56
LH:53
end_of_record
SF:lib\Engine\engine.dart
DA:13,0
DA:14,0
DA:15,0
DA:16,0
DA:17,0
DA:21,1
DA:24,1
DA:25,1
DA:28,0
DA:29,0
DA:30,0
DA:33,1
DA:34,2
DA:37,1
DA:38,2
DA:41,2
DA:45,1
DA:49,2
DA:55,1
DA:56,2
DA:57,2
DA:59,1
DA:63,1
DA:66,1
DA:68,1
DA:69,2
DA:70,2
DA:71,2
DA:77,1
DA:79,2
DA:80,2
DA:81,2
DA:86,1
DA:88,2
DA:89,2
DA:90,2
DA:96,1
DA:101,1
DA:102,2
DA:105,2
DA:110,1
DA:111,2
DA:116,2
DA:123,2
DA:124,1
DA:128,1
DA:129,1
DA:130,2
DA:131,1
DA:135,1
DA:136,2
DA:139,1
DA:140,3
DA:143,1
DA:145,3
DA:148,1
DA:149,2
DA:152,1
DA:153,2
DA:157,2
DA:163,2
DA:164,1
DA:168,1
DA:171,2
DA:175,2
DA:176,1
DA:180,1
DA:183,3
DA:184,2
DA:186,2
DA:187,1
DA:191,1
DA:194,3
DA:195,2
DA:197,2
DA:198,1
DA:202,1
DA:203,2
DA:207,2
DA:208,1
DA:210,2
DA:211,1
DA:215,1
DA:219,1
DA:221,1
DA:224,2
DA:225,1
DA:229,1
DA:232,3
DA:233,2
DA:235,2
DA:236,1
DA:240,1
DA:243,3
DA:244,2
DA:246,2
DA:247,1
DA:251,1
DA:252,2
DA:256,2
DA:257,1
DA:259,2
DA:260,1
DA:264,1
DA:265,1
DA:266,2
DA:269,1
DA:270,2
DA:273,1
DA:275,2
DA:276,2
LF:111
LH:103
end_of_record
SF:lib\Engine\http_request_handler.dart
DA:18,0
DA:22,0
DA:24,0
DA:25,0
DA:26,0
DA:27,0
DA:29,0
DA:30,0
DA:32,0
DA:36,1
DA:41,1
DA:42,1
DA:43,1
DA:44,2
DA:50,1
DA:54,1
DA:55,2
DA:56,3
DA:59,4
DA:60,1
DA:61,3
DA:64,2
DA:65,2
DA:66,1
DA:70,3
DA:72,3
DA:76,2
DA:77,1
DA:78,1
DA:79,1
DA:80,1
DA:81,1
DA:85,5
DA:90,2
DA:91,1
DA:93,2
DA:94,2
DA:96,0
DA:97,0
DA:103,2
DA:105,1
DA:107,1
DA:109,1
DA:112,4
DA:113,2
DA:115,1
DA:116,3
DA:121,1
DA:125,1
DA:128,2
DA:129,1
DA:130,1
DA:133,3
DA:134,0
DA:135,0
DA:139,2
DA:141,2
DA:143,1
DA:145,4
DA:146,1
DA:148,3
DA:151,2
DA:156,1
DA:158,3
DA:159,2
DA:162,2
DA:165,2
DA:168,1
DA:171,1
DA:172,3
DA:173,1
DA:174,1
DA:175,2
DA:176,2
DA:181,2
DA:183,2
DA:185,2
DA:186,3
DA:190,1
DA:191,2
DA:192,1
DA:193,3
DA:198,1
DA:199,2
DA:200,3
DA:202,2
DA:203,1
DA:206,1
DA:207,3
DA:209,2
DA:211,1
DA:212,2
DA:215,1
DA:217,2
DA:219,1
DA:220,1
DA:221,1
DA:222,1
DA:223,1
DA:224,1
DA:225,2
DA:228,0
DA:231,1
DA:232,2
DA:237,2
DA:238,2
DA:243,1
DA:248,3
DA:250,2
DA:252,1
DA:253,2
DA:259,1
DA:261,2
DA:264,1
DA:265,2
DA:269,2
DA:270,2
DA:275,1
DA:276,4
DA:277,1
DA:280,2
DA:282,1
DA:285,2
DA:286,2
DA:287,1
DA:289,1
DA:290,2
DA:294,2
DA:295,2
DA:300,1
DA:301,1
DA:302,2
DA:305,2
DA:307,2
DA:308,1
DA:311,1
DA:312,2
DA:317,2
LF:138
LH:124
end_of_record
SF:lib\notifier.dart
DA:24,6
DA:25,2
DA:35,2
DA:36,2
DA:39,1
DA:40,3
DA:41,1
DA:42,1
DA:44,1
DA:46,4
DA:47,1
DA:50,1
DA:51,1
DA:54,2
DA:55,2
DA:56,2
DA:57,2
DA:59,1
DA:60,3
DA:62,2
DA:65,1
DA:67,1
DA:68,1
DA:69,2
DA:70,2
DA:72,0
DA:75,2
DA:76,1
DA:77,2
LF:29
LH:28
end_of_record
